/data2/videos/depth/depth2/Y2metaappSensational_Door_Illusion__Magic_Perspective_With_Pencil__Trick_Art_Drawing_InspireArtLinkings
/data2/videos/depth/depth2/Y2metaapp__Easy_3D_Drawing_3D_Trick_Art_on_Paper__Easy_3D_Art_For_Beginners_art_drawing_3d
/data2/videos/depth/depth2/Y2metaappFloating_Snowflake__3D_Trick_Art_on_Paper
/data2/videos/depth/depth2/Y2metaappHow_to_Draw_2024_Numbers_3D_Trick_Art_on_Line_Paper
/data2/videos/depth/depth2/Y2metaapp3D_Trick_Art_on_Paper___Floating_boat___Optical_Illusion_(1)
/data2/videos/depth/depth2/Y2metaappHow_to_Draw_a_Chair___3D_Trick_art_on_Graph_paper
/data2/videos/depth/depth2/Y2metaappTuto_2___How_to_Draw_Rubiks_Cube_Trick_Art_3D_illusion_on_paper___Dessin_3D
/data2/videos/depth/depth2/Y2metaappEasy_3D_Trick_Art__Simple_Cube_Illusion_Drawing
/data2/videos/depth/depth2/trickart3donpostitnoteseasydrawinghole720ytshortssavetubeme
/data2/videos/depth/depth2/Y2metaappHow_to_Draw_an_A_Hole__3D_Trick_Art_Optical_Illusion
/data2/videos/depth/depth2/Y2metaapp3d_Trick_Art_Octahedron__How_To_Draw_An_Anamorphic_Illusion
/data2/videos/depth/depth2/Y2metaapp_Easy_trick_to_make_snake_head___10secondcraft_snakyhand
/data2/videos/depth/depth2/Y2metaappVery_Easy_Drawing_3D_Letter_A__Trick_Art_on_Paper_with_Pencil__By_Vamos
/data2/videos/depth/depth2/Y2metaappTrick_Art_on_Paper_3D_Painting_Black_Hole_in_Blue_Chess
/data2/videos/depth/depth2/Y2metaappEasy_match_class_drawing_trick_art_satisfying_shorts_(2)
/data2/videos/depth/depth2/Y2metaapp_____shocking_magic_trick_art_cutfrom_reaction_shorts_greenscreen_thelsdvlogs
/data2/videos/depth/depth2/Y2metaapp3d_trick_art_drawing__one_Piece_Hand___Cool_3d_Trick_Art___Hand_art___Artwork
/data2/videos/depth/depth2/Y2metaappO_Pilaga_Venkati_dance__Ring_Teknik_magic_trick__youtube_shrots_tending_cartoon_funny_
/data2/videos/depth/depth2/Y2metaappTry_to_do_3D_Trick_Art_on_Paper_floating_letter_S_Long_Version
/data2/videos/depth/depth2/Y2metaappTry_to_do_3D_Trick_Art_on_Paper_floating_letter_P
/data2/videos/depth/depth2/Y2metaappDrawing_3D_Holey_Object__Trick_Art_with_Graphite_Pencils__Cool_Anamorphic_Illusion
/data2/videos/depth/depth2/Y2metaappBOHO_ART____BOHO_ART_TUTORIAL_PART_2___EASY_TRICK_art_artwork_painting__SketchStudioh6c
/data2/videos/depth/depth2/Y2metaappHappy_New_Year_2019__Drawing_3D_Number_2019__Trick_Art_with_Vamos
/data2/videos/depth/depth2/Y2metaappFloating_Cube__3D_Trick_Art_on_Paper
/data2/videos/depth/depth2/Y2metaappDrawing_Q_Hole_in_Line_Paper__3D_Trick_Art_with_Graphite_Pencil
/data2/videos/depth/depth2/Y2metaappBiomechanical_Arm__Cool_3D_Trick_Art
/data2/videos/depth/depth2/Y2metaappHow_to_Draw_3D_Grim_Reaper__Trick_Art_on_Paper__VamosART
/data2/videos/depth/depth2/Y2metaappHow_to_Draw_Folded_Paper__3D_Ladder_Trick_Art
/data2/videos/depth/depth2/Y2metaappCut_Fingers_trick_art_Tuto
/data2/videos/depth/depth2/Y2metaappHow_to_Draw_2022_Numbers_3D_Trick_Art_on_Line_Paper__NARRATED_StepbyStep_Anamorphic_Drawing
/data2/videos/depth/depth2/Y2metaapp3D_Trick_Art_Floating_Clubs_Decks_of_cards
/data2/videos/depth/depth2/Y2metaappHeres_a_simple_art_trick_to_mix_satisfying_vibrant_colors
/data2/videos/depth/depth2/Y2metaapp11_Optical_Illusions_That_Will_Trick_Your_Eyes
/data2/videos/depth/depth2/Y2metaappDraw_a_number_1_Hole_on_Line_Paper___3D_Trick_Art
/data2/videos/depth/depth2/Y2metaappRainbow_art__art_viral__shortsfeed_shortvideo_shorts_trending_ytshorts_khushi
/data2/videos/depth/depth2/Y2metaappRoad__Working__shocking_magic_trick_art_cutfrom_reaction_shorts_greenscreen_thelsdvlogs
/data2/videos/depth/depth2/Y2metaappHow_to_Draw_3D_Lego_Man__Trick_Art_Optical_Illusion
/data2/videos/depth/depth2/Y2metaappMixed_Reality_Illusion__Popup_Papercraft__Drawing_Stairs__Trick_Art
/data2/videos/depth/depth2/Y2metaappMaster_Alcohol_Ink_Art__18_Techniques__Effects_You_Need_to_Try
/data2/videos/depth/depth2/Y2metaappHow_to_make_cone_tip_thinner_tips_trick_artist_newdesigns_simple_mehandi_henna_easymandala
/data2/videos/depth/depth2/Y2metaappHow_to_Draw_a_3D_Ladder__Trick_Art_For_Kids
/data2/videos/depth/depth2/Y2metaappHow_to_Draw_3D_Letter_A_Illusion__Trick_Art_on_Graph_Paper
/data2/videos/depth/depth2/Y2metaapp3D_Trick_Art_on_Paper___CR7___Optical_Illusion
/data2/videos/depth/depth2/Y2metaappYamadakun_to_Lv999_no_Koi_wo_Suru_Ed__Trick_Art_(Piano_Tutorial__Sheet_Music)
/data2/videos/depth/depth2/Y2metaappHow_to_Draw_a_3D_Ladder_Simple_Trick_Art
/data2/videos/depth/depth2/Y2metaapp3D_Trick_Art_On_Line_Paper_Floating_Letter_I
/data2/videos/depth/depth2/Y2metaappIncredible_Art_Tips__From_Bob_Ross__Friends_
/data2/videos/depth/depth2/Y2metaappTrick_Art_Drawing_3D_Tiny_House_on_paper
/data2/videos/depth/depth2/veryeasyhowtodrawing3dfloatingletteratrickartonlinepaper1080ytshortssavetubeme
/data2/videos/depth/depth2/Y2metaapp__trick_art_iciko(360p)
/data2/videos/depth/depth2/Y2metaappPainting_a_3D_Fish_Pond_Illusion__Trick_Art_on_Canvas
/data2/videos/depth/depth2/Y2metaapp_Trickart
/data2/videos/depth/depth2/Y2metaappEasy_3D_Trick_Art__Rainbow_Illusion_Drawing
/data2/videos/depth/depth2/Y2metaappRound_Hole_Drawing_Trick_Art_With_Graphite_Pencil
/data2/videos/depth/depth2/Y2metaapp3D_Trick_Art_On_Line_Paper_Floating_Letter_E
/data2/videos/depth/depth2/Y2metaappDrawing_a_rainbow_arch_illusion__3D_trick_art_on_paper__by_Vamos
/data2/videos/depth/depth2/Y2metaapp___shocking_magic_trick_art_cutfrom_reaction_shorts_greenscreen_thelsdvlogs
/data2/videos/depth/depth2/Y2metaappHow_to_Draw_Pikachu__Line_Paper_3D_Trick_Art
/data2/videos/depth/depth2/Y2metaapp__3D_Trick_Art_on_Paper_Stairs_in_Chess
/data2/videos/depth/depth2/drawingjholeinlinepaper3dtrickartopticalillusion720ytshortssavetubeme
/data2/videos/depth/depth2/Y2metaappGoldfish_illusion__Drawing_a_3D_fish_on_line_paper__Trick_Art_by_Vamos
/data2/videos/depth/depth2/Y2metaappSkull_or_Angel__illusion_art_artwork_artshorts_artist_share
/data2/videos/depth/depth2/Y2metaapp__Draw_a_Floating_Heart_on_Line_Paper___3D_Trick_Art
/data2/videos/depth/depth2/Y2metaappHow_to_Draw_3D_Building_on_Line_Paper_Trick_Art_Illusion__Step_by_Step
/data2/videos/depth/depth2/Y2metaapptrick_art__satisfying___art_and_craft_easy_drawing_shorts_viral_youtubeshorts_how_didyouknow_(4)
/data2/videos/depth/depth2/Y2metaapp3D_Trick_Art_on_Paper___Basketball_Long_Version
/data2/videos/depth/depth2/Y2metaappHow_To_Make_3D_Triangle_Trick_Art___Easy_Art_shorts
/data2/videos/depth/depth2/Y2metaapp23_Amazing_Street_Art_Magic
/data2/videos/depth/depth2/Y2metaapp3D_Trick_Art_on_line_paper__floating_letter_C
/data2/videos/depth/depth2/Y2metaappTrick_Art_on_Hand___Cool_3D_Triangle_Hole_Optical_Illusion
/data2/videos/depth/depth2/Y2metaappHammering_Nails_into_my_Hand__Trick_Art_Optical_Illusion
/data2/videos/depth/depth2/Y2metaapp__3D_Trick_Art_on_Paper_Stairs_in_Chess_(1)
/data2/videos/depth/depth2/Y2metaappNo_Time_Lapse_Trick_Art_Drawing_3D_Crocodile
/data2/videos/depth/depth2/Y2metaapp3D_Trick_Art_On_Line_Paper_Floating_Letter_D
/data2/videos/depth/depth2/Y2metaapp____shocking_magic_trick_art_cutfrom_reaction_shorts_greenscreen_thelsdvlogs1
/data2/videos/depth/depth2/Y2metaappEasy_match_class_drawing_trick_art_satisfying_shorts_(6)
/data2/videos/depth/depth2/Y2metaappTrick_Art_Drawing_3D_Hole_to_the_Sky
/data2/videos/depth/depth2/Y2metaapp__Trick_Art_on_Line_Paper__Drawing_3D_Hole
/data2/videos/depth/depth2/Y2metaappDrawing_White_Horse__3D_Artistic_Graphic__Awesome_Trick_Art
/data2/videos/depth/depth2/Y2metaapp10_Cool_illusions__Hand_Art_Makeup_Compilation
/data2/videos/depth/depth2/Y2metaappHow_to_3D_trick_art_on_paper_basketball3ddrawing_basketballshorts_shorts_3dart__ANJULA
/data2/videos/depth/depth2/Y2metaapptrick_art__satisfying___art_and_craft_easy_drawing_shorts_viral_youtubeshorts_how_didyouknow_(1)
/data2/videos/depth/depth2/Y2metaapp3d_trick_art_on_paper_3d_3ddrawing_3dopticalillusion_trending
/data2/videos/depth/depth2/Y2metaapp3D_Trick_Art_on_Paper___Shark_in_the_hole
/data2/videos/depth/depth2/Y2metaappCool_3D_Trick_Art__Bullet_Hole_in_Hand
/data2/videos/depth/depth2/trickartonhandcool3dyinyangholeopticalillusion720ytshortssavetubeme
/data2/videos/depth/depth2/Y2metaappDrawing_a_Plane__3D_Trick_Art_Emirates_A380_EmiratesA380
/data2/videos/depth/depth2/Y2metaappTrick_Art__3D_Drawing_Rubiks_Cube__Anamorphic_Illusion_by_Vamos
/data2/videos/depth/depth2/Y2metaapp__Very_Easy_How_To_Draw_3D_Hole__Anamorphic_Illusion__3D_Trick_Art_on_Line_paper
/data2/videos/depth/depth2/Y2metaappDrawing_Incredible_Hole_Illusion__3D_Trick_Art_on_Paper__VamosART
/data2/videos/depth/depth2/Y2metaapp3D_Trick_Art_On_Line_Paper_Floating_Pencil
/data2/videos/depth/depth2/Y2metaappHow_to_Draw_3D_Steps_in_Line_Paper__Easy_Trick_Art_for_Kids
/data2/videos/depth/depth2/Y2metaapp3D_Trick_Art_On_Line_Paper_Letter_P
/data2/videos/depth/depth2/Y2metaappLANDSCAPES_OF_ILLUSIONS_AND_POSSIBILITIES____MAPS_MATERIALS_AND_THE_LENS
/data2/videos/depth/depth2/howtodrawzebra3ddrawingtrickartonpaper1080ytshortssavetubeme
/data2/videos/depth/depth2/Y2metaappVery_Easy_How_To_Draw_3D_Floating_CREEPER（MINECRAFT）_3D_Trick_Art_on_paper_step_by_step
/data2/videos/depth/depth2/Y2metaappHow_to_Draw_a_Impossible_ladder___3D_Trick_art_on_Graph_paper
/data2/videos/depth/depth2/Y2metaappHow_to_draw_3d_ladders__Drawing_3D_Ladders__Trick_Art__VamosART
/data2/videos/depth/depth2/Y2metaappDrawing_a_White_Shark_Illusion__3D_Trick_Art__Vamos
/data2/videos/depth/depth2/Y2metaappTrick_Art_Symmetrical_Dance_Spiral_shorts_(1)
/data2/videos/depth/depth2/Y2metaappCoffee___Cake___shocking_magic_trick_art_cutfrom_reaction_shorts_greenscreen_thelsdvlogs
/data2/videos/depth/depth2/Y2metaapp3D_Trick_Art_on_Paper__Basketball
/data2/videos/depth/depth2/drawingcapitallettermholeinlinepaper3dtrickart720ytshortssavetubeme
/data2/videos/depth/depth2/Y2metaapphow_to_draw_3D_trick_art_on_paper_basketball_3ddrawing_basketballshorts_soravjoshiart_ANJULA
/data2/videos/depth/depth2/Y2metaappMixed_reality_illusion__3D_trick_art__Drawing_a_garage_by_Vamos
/data2/videos/depth/depth2/Y2metaappCUTE_MOUSE_ILLUSION__How_to_Draw_3D_Mouse__Trick_Art_on_Paper
/data2/videos/depth/depth2/Y2metaappHow_to_draw_a_Dragon___Flying_Dragon_Drawing_lesson___Trick_Art_2024
/data2/videos/depth/depth2/Y2metaapp_____
/data2/videos/depth/depth2/Y2metaappTrick_art_shorts
/data2/videos/depth/depth2/Y2metaappEasy_math_class_drawing_trick_art_drawing_drawingideas
/data2/videos/depth/depth2/Y2metaappEasy_match_class_drawing_trick_art_satisfying_shorts_(1)
/data2/videos/depth/depth2/Y2metaappVery_Easy_3D_Trick_Art_How_to_Draw_a_Round_Hole_on_Paper
/data2/videos/depth/depth2/Y2metaappDrawing_holes__Trick_art_on_paper_with_mixed_technique__3D_illusion_by_Vamos
/data2/videos/depth/depth2/Y2metaappIncredible_Drawing_this_is_Impossible__3D_Trick_Art_on_Paper__VamosART
/data2/videos/depth/depth2/Y2metaappHow_to_Draw_Heart__Drawing_Floating_Heart__3D_Trick_Art
/data2/videos/depth/depth2/Y2metaappHow_to_Draw_3D_Embossed_Square__Trick_Art_For_Kids
/data2/videos/depth/depth2/Y2metaapptrick_art__satisfying___art_and_craft_easy_drawing_shorts_viral_youtubeshorts_how_didyouknow_(12)
/data2/videos/depth/depth2/Y2metaappDraw_a_Letter_B_on_Line_Paper___3D_Trick_Art
/data2/videos/depth/depth2/Y2metaappBOEING_747_AIRPLANE_ILLUSION__How_to_Draw_Airplane__3D_Trick_Art
/data2/videos/depth/depth2/Y2metaapp3D_Trick_Art_Hole_On_Line_Paper_Egyptian_Symbol_Eye_of_Horus
/data2/videos/depth/depth2/Y2metaappTrick_Art_How_I_Draw_a_3D_Mammoth_Optical_Illusion
/data2/videos/depth/depth2/Y2metaapp18_Artists_Who_Use_Illusions_To_Trick_Your_Eye
/data2/videos/depth/depth2/Y2metaappEasy_match_class_drawing_trick_art_satisfying_shorts_(5)
/data2/videos/depth/depth2/Y2metaappHorrific_bite__Funny_3D_art_on_hand___Cool_3D_Trick_Art___Horror_Hand___modern_art
/data2/videos/depth/depth2/Y2metaappTrick_Art_How_to_Draw_3D__Best_of
/data2/videos/depth/depth2/howtodraw3dlettertrickartdrawinganamorphicillusion1080ytshortssavetubeme
/data2/videos/depth/depth2/Y2metaapp_Easymehndi_Mehndi_Design_For_Hands_shorts_viralvideos_mehandi_trick_mehandikadesign_youtube
/data2/videos/depth/depth2/Y2metaappDrawing_a_Wishing_Well__Cool_Anamorphic_3D_Trick_Art
/data2/videos/depth/depth2/Y2metaappDrawing_a_Floating_Levitating_Ball__Anamorphic_Trick_Art
/data2/videos/depth/depth2/Y2metaappEasy_3D_Steps_in_a_Hole__Trick_Art_Drawing_on_Paper
/data2/videos/depth/depth2/Y2metaappBOHO_ART____BOHO_ART_TUTORIAL_PART_2___EASY_TRICK_art_youtubeshorts_artwork_painting_shorts
/data2/videos/depth/depth2/Y2metaapp__Water_Drop_Trick_Art_Drawing_on_Paper
/data2/videos/depth/depth2/Y2metaappHow_to_Draw_a_3D_Ladder__Trick_Art_For_You___3d_drawing_easy____3d_drawings_on_paper___3D_Trick_Art
/data2/videos/depth/depth2/Y2metaapp__Try_to_do_3D_Trick_Art_on_Paper__Hole_Long_Version
/data2/videos/depth/depth2/Y2metaappDraw_a_Letter_R_Hole_on_Line_Paper___3D_Trick_Art
/data2/videos/depth/depth2/Y2metaappVery_Easy_How_To_Draw_3D_Hole__Stairs__Anamorphic_Illusion__3D_Trick_Art_on_paper
/data2/videos/depth/depth2/Y2metaappLets_visit_Tokyo_Trick_Art_Museum__My_Tokyo_Stories__Episode_4
/data2/videos/depth/depth2/Y2metaappArt_Blakey__The_Jazz_Messengers___Quick_Trick__(Visualizer)
/data2/videos/depth/depth2/Y2metaapp__Trick_Art_Drawing__The_Pyramid_Illusion__Popup_Papercraft
/data2/videos/depth/depth2/Y2metaapp3D_Trick_Art_on_Paper_Stairs_in_Chess_(1)
/data2/videos/depth/depth2/Y2metaappHow_to_Draw_3D_Steps_in_a_Hole__Line_Paper_Trick_Art
/data2/videos/depth/depth2/Y2metaappDraw_a_number_8_on_Line_Paper___3D_Trick_Art
/data2/videos/depth/depth2/Y2metaappHow_to_Draw_Letter_M_3D_Trick_Art_3D_Drawing
/data2/videos/depth/depth2/Y2metaapp_in_Trick_Art_House
/data2/videos/depth/depth2/Y2metaappMIND_BLOWING_3D_Trick_Art___Optical_Illusions
/data2/videos/depth/depth2/Y2metaapp__How_to_Draw_a_Hole_Building__Line_Paper_3D_Trick_Art
/data2/videos/depth/depth2/Y2metaapp3D_Trick_Art_On_Line_Paper_Floating_Letter_K
/data2/videos/depth/depth2/Y2metaapp3D_Trick_Art_on_Paper_Rubiks_Cube
/data2/videos/depth/depth2/Y2metaappHow_to_Draw_3D_Graffiti_Letters__Trick_Art
/data2/videos/depth/depth2/Y2metaappHow_to_Draw_a_Cone___3D_Trick_art_on_Graph_paper
/data2/videos/depth/depth2/3dgridholelineillusionpatternsatisfyingtrickart720ytshortssavetubeme
/data2/videos/depth/depth2/Y2metaapp3D_Apple_Logo_on_Line_Paper__Trick_Art_Drawing
/data2/videos/depth/depth2/Y2metaappHow_To_Draw_3D_Hole_for_Kids__3D_Trick_Art_on_paper__Easy_Anamorphic_Illusion
/data2/videos/depth/depth2/Y2metaappWhere_is_Jim_Morrison__Trick_Art_shorts
/data2/videos/depth/depth2/roundholeonlinepapereasy3dtrickartdrawing720ytshortssavetubeme
/data2/videos/depth/depth2/Y2metaapp3D_Trick_Art_on_Paper_Number_Seven_with_Graphite_Pencil
/data2/videos/depth/depth2/Y2metaapp3D_Trick_Art_on_Paper_Floating_chess_Number_8
/data2/videos/depth/depth2/Y2metaappDisconnected_Hand__Illusion_Trick_Art
/data2/videos/depth/depth2/Y2metaappEasy_Drawing_3D_Letter_X_with_Pencil__Awesome_Trick_Art_by_Vamos
/data2/videos/depth/depth2/Y2metaappDrawing_Round_Hole_in_Lined_Paper__Trick_Art_with_Charcoal_Pencils__Anamorphic_Illusion
/data2/videos/depth/depth2/Y2metaappHow_to_Draw_3D_Pyramid_on_Line_Paper_Trick_Art
/data2/videos/depth/depth2/Y2metaapp3D_Trick_Art_on_Paper_Hole_One_way_Traffic_signs
/data2/videos/depth/depth2/Y2metaappParty____shocking_magic_trick_art_cutfrom_reaction_shorts_greenscreen_thelsdvlogs
/data2/videos/depth/depth2/Y2metaappAnamorphic_illusion_tutorial__How_to_make_3D_trick_art
/data2/videos/depth/depth2/Y2metaapp3D_Trick_Art_on_paper_letter__A___How_To_Draw_3D__A_
/data2/videos/depth/depth2/Y2metaappDrawing__a_Jumping_Frog__How_to_Draw_3D_Frog___Trick_Art_on_Paper__Vamos
/data2/videos/depth/depth2/Y2metaappSpiral_Drawing___Torn_Paper___3D_Hole___Trick_Art___Optical_Illusion
/data2/videos/depth/depth2/Y2metaappDraw_a_Letter_M_on_Line_Paper___3D_Trick_Art
/data2/videos/depth/depth2/Y2metaappTime_Lapse_Drawing__Line_Paper_Folds_Trick_Art
/data2/videos/depth/depth2/Y2metaapptrick_art__satisfying___art_and_craft_easy_drawing_shorts_viral_youtubeshorts_how_didyouknow
/data2/videos/depth/depth2/Y2metaappHow_to_Draw_a_3D_Like_Trick_Art_on_line_paper___Optical_Illusion
/data2/videos/depth/depth2/Y2metaapptrick_art__satisfying___art_and_craft_easy_drawing_shorts_viral_youtubeshorts_how_didyouknow_(10)
/data2/videos/depth/depth2/Y2metaapp3D_Trick_Art_on_Paper__Real_Loch_Ness_Monster__New_Viewpoint
