/data2/videos/depth/depth0/Y2metaappDIY_Wall_Painting__How_to_Create_a_Simple_Bulb_Design
/data2/videos/depth/depth0/Y2metaappbeautiful_molding_design_for_ceilingpaint_colour_cornish_3Dpanel_3d_wallputty_ring_ceiling
/data2/videos/depth/depth0/Y2metaapp__Painting_3D_Letter_Writing_Wall_Design_Font_Art__key_of_arts
/data2/videos/depth/depth0/Y2metaapp__WALL_STENCIL_PAINTING_shorts
/data2/videos/depth/depth0/Y2metaapp3D_Design__how_to_draw_optical_illusion_stairs
/data2/videos/depth/depth0/Y2metaapp3D_Printed_Sculpture_in_Dubai___Beautiful_Wall_Art_sculpture_wallart_dubai_(1)
/data2/videos/depth/depth0/Y2metaapp__EASY_TRICK_TO_PAINT_WALLS_WITH_SPRAY_PAINT____DESIGN_ON_WALL_PAINTING____DECORATION_(3)
/data2/videos/depth/depth0/Y2metaappHOW_TO_Minimalistic_3D_Art___Spackling__Plaster_Mix___DIY_Tutorial___Nicolina_Savmarker_plasterart
/data2/videos/depth/depth0/Y2metaappSIMPLE_3D_WALL_PAINT____EASY_HOW_TO_MAKE_3D_WALL_DECORATION____EFFECT_3D_PAINT
/data2/videos/depth/depth0/Y2metaapp3D_shaper_Tutorial
/data2/videos/depth/depth0/Y2metaappThis_3D_PAINTING_trick_is_INSANE
/data2/videos/depth/depth0/Y2metaapp__3D_water_drop_Wallpentin_youtubeshorts_viral_shorts
/data2/videos/depth/depth0/Y2metaappEasy_Switchboard_painting_idea_using_acrylic_color_shorts_shortsvideo
/data2/videos/depth/depth0/Y2metaappStreet_Artist_Paints_a_JawDropping_3D_Wall_Mural_of_a_Parrot____WooGlobe
/data2/videos/depth/depth0/Y2metaappDiy_fabric_minimalistic_textured_wall_Art___3D_Painting_tutorial___fabric_art_on_canvas__viral_art
/data2/videos/depth/depth0/Y2metaapplow_budget_simple_and_easy_3D_wall_paintingartwallpaintingdesignideas__lowbudgetwalldesing
/data2/videos/depth/depth0/Y2metaappTen_Easy_3D_Painting_Illusions_Test_Your_Brain
/data2/videos/depth/depth0/Y2metaapp3d_Wall_Painting_Design_Ideas____How_The_Art_3D_Wall_Design
/data2/videos/depth/depth0/Y2metaappWooden_Cart_Unwrapping__Texturing_Tutorial____Autodesk_Maya__Substance_3D_Painter
/data2/videos/depth/depth0/Y2metaappyou_can_use_plastic_cover_make_wall_painting_texture
/data2/videos/depth/depth0/Y2metaappPutty_Mural_Landscape_3D_Painting___Timelapse
/data2/videos/depth/depth0/Y2metaappRelief_sculpture_of_the_Great_Wall_of_China
/data2/videos/depth/depth0/Y2metaappBedroom_wall_3D_paint_design_ideas___3D_wall_painting___wall_paint_design_ideas___interior_design
/data2/videos/depth/depth0/Y2metaappbrick_wall_paint
/data2/videos/depth/depth0/Y2metaappHOW_TO_CREATE_3D_PAINTING__metallic_effect
/data2/videos/depth/depth0/Y2metaappNew_Latest_3D_wall_design_ideas___Easy_and_simple_tricks_3D_wall_painting___interior_design_ideas
/data2/videos/depth/depth0/Y2metaapp3d_wall_design_relief_Mural_wall_Art_(telugu)
/data2/videos/depth/depth0/Y2metaapplatest_new_geometric_wall_painting_design___shortvideo_short_viral_paintercarpenter
/data2/videos/depth/depth0/Y2metaappmodern_3D_wall_painting___Bedroom_3D_wall_painting___wall_painting_design_ideas
/data2/videos/depth/depth0/Y2metaapp3D_painting_on_wall___3D_wall_painting_decoration___3D_wall_modern_painting_design__
/data2/videos/depth/depth0/Y2metaapp__How_to_make_3D_wall_mural___wall_interior_design___CLAY_MURAL_PAINTING_FOR_BEGINNERS
/data2/videos/depth/depth0/Y2metaappWall_painting_design_ll_Bhavtosh_Art_bhavtoshart2760
/data2/videos/depth/depth0/Y2metaappBeautiful_Flowers_Wall_Painting_In_Pratap_pur___Best_Flower_3d_Wall_Painting___Bedroom_Wall_Painting
/data2/videos/depth/depth0/Y2metaappMost_Realistic_Handmade_Painting_on_wall__mini_wood_working_toy_art_skill_(1)
/data2/videos/depth/depth0/Y2metaapp8_New_Wall_putty_texture_designs_techniques_and_ideas
/data2/videos/depth/depth0/Y2metaapp3D_WALL_PAINTING_DESIGN_IDEAS____3D_OPTICALL_ILLUSION_DRAWING___EFFECT_CAT_TEMBOK_3D
/data2/videos/depth/depth0/Y2metaappLatest_3D_wall_modern_design___Bedroom_wall_paint_design___3D_wall_painting___interior_design
/data2/videos/depth/depth0/Y2metaappLord_Jagannath_wall_painting__Realistic_Jagannath_wall_painting__3D_wall_painting_interior_design
/data2/videos/depth/depth0/Y2metaappAMAZING_3D_WALL_PAINTING_DESIGNS_IDEAS___3D_PAINTING_ON_WALL___INTERIOR_DESIGN
/data2/videos/depth/depth0/Y2metaappTEXTURED_WALL_ART___3_DIY_ideas_on_a_budget_(easy__minimalist)
/data2/videos/depth/depth0/Y2metaappAmazing_3d_Snake__art_on_wall__UNBELIEVABLE__drawing__arts
/data2/videos/depth/depth0/Y2metaapp3D_5D__10D_Photo_Frame_Wall_Painting__Wall_Poster__Starting_From_Only_40____Wholesale_Market_(1)
/data2/videos/depth/depth0/Y2metaappLatest_Wallpaper_Design___Living_Room_wallpaper_interior___3D_Wallpaper_Home_Decor
/data2/videos/depth/depth0/Y2metaapp3D_Football_WallPainting_(1)
/data2/videos/depth/depth0/Y2metaappGoutam_Bhudha_Interior_Wall_Texture_Design___Wall_Texture_Design_Ideas
/data2/videos/depth/depth0/Y2metaappvideo_3D_wall_painting_design_with_Royale_play_Sponging_effect_trending_viralvideo_painting
/data2/videos/depth/depth0/Y2metaapp3D_wall_painting_Tape_Deewar_Design____3D_wall_Designing_vlog_50k_views
/data2/videos/depth/depth0/Y2metaappOil_Tube_Design_Create_With_Sponge_and_Plastic_Bag_(very_easy_design)
/data2/videos/depth/depth0/Y2metaapp3D_Wall_painting_draw_a_beautiful_Star__SUPER_EASY__Easy_stepbystep_drawing_tutorial
/data2/videos/depth/depth0/Y2metaappTop_10_colour_combination_for_living_Room_painting_kitchen_ideas___house_painting_ideas
/data2/videos/depth/depth0/Y2metaappSimple_Wall_Painting_idea____How_To_Make_A_Animals_Painting____3D_painting____BD_Art_And_Craft
/data2/videos/depth/depth0/Y2metaappom_symbol_3d_wall_Painting_design___3d_wall_design___3d_paint_design___wall_spray_paint_design_new
/data2/videos/depth/depth0/Y2metaapp__EASY_TRICK_TO_PAINT_WALLS_WITH_SPRAY_PAINT____DESIGN_ON_WALL_PAINTING____DECORATION_(1)
/data2/videos/depth/depth0/Y2metaapp3D_WALL_PAINTING_DESIGN_IDEAS____3D_OPTICALL_ILLUSION_DRAWING___EFFECT_CAT_TEMBOK_3D_(1)
/data2/videos/depth/depth0/Y2metaappNew_masking_tape_wall_painting_hacks_
/data2/videos/depth/depth0/Y2metaapp3d_wall_painting_3__veer_decordesign_decor_art_ytshorts_viral_shortvideo_paint
/data2/videos/depth/depth0/Y2metaapp3D_wall_simple_art___3D_painting_on_walls___Bedroom_wall_painting_design___interior_design
/data2/videos/depth/depth0/Y2metaappeasy_steps_wall_painting_flower_design_wall_decoration_with_painting_shorts_shortvideos
/data2/videos/depth/depth0/Y2metaapp3D_Tiger_Drawing__Painting_on_Wall__3D________
/data2/videos/depth/depth0/Y2metaapp__BEAUTIFUL_3D_WALL_STICKERS_HOME_DECOR
/data2/videos/depth/depth0/Y2metaapp10_modern_wall_texture_designs_for_Interior_with_Wallputty
/data2/videos/depth/depth0/Y2metaappBest_of_3D_street_Art_painting_Amazing_3D_street_Art_Illusions_3D_printing_on_Roads_respect_shorts
/data2/videos/depth/depth0/Y2metaappShe_mixes_baking_soda_and_glue_for_this_gorgeous_home_decor_idea
/data2/videos/depth/depth0/Y2metaappoldhouserenovation_3d_wall_stickers
/data2/videos/depth/depth0/Y2metaapp8_wall_painting_3D_design_ideas
/data2/videos/depth/depth0/Y2metaapp100_Geometric_Wall_Painting_Designs_Ideas_2024___Geometric_Accent_Wall_Paint___Wall_Painting_Design
/data2/videos/depth/depth0/Y2metaappWall_painting__3D_Water_drops__3D_bubble_painting___home_wall_decoration
/data2/videos/depth/depth0/Y2metaapp3D_ART_WALL_PAINTING___HOW_TO_MAKE_3D_WALL_DECORATION___SENI_LUKISAN_CAT_DINDING_3D
/data2/videos/depth/depth0/Y2metaapp3D_wall_painting_with_compressor_machine_spray_colourscenery_3dpainting_prasannaart
/data2/videos/depth/depth0/Y2metaapp__Radha_Krishna_wall_texture_design_complete_process___new_modern_wall_texture_painting
/data2/videos/depth/depth0/Y2metaappPainting_a_Pretty_Switchboard_Mural__youtubeshorts_muralpainting
/data2/videos/depth/depth0/Y2metaapp3D_wall_modern_painting_design___bedroom_3D_wall_paint_design___3D_wall_decoration_effect
/data2/videos/depth/depth0/Y2metaappwall_painting_water_drop_3dwallpainting__shorts_short_painting_artist
/data2/videos/depth/depth0/Y2metaappDIY_Moon_Wall_Art__Easy_Thermocol_Tutorial_(Final_Part)___Painting_Tips__Techniques
/data2/videos/depth/depth0/Y2metaappPutty_Mural_Landscape_3D_Painting___Timelapse_(1)
/data2/videos/depth/depth0/Y2metaappTry_this_wall_painting_putty_texture_design_rope_roller
/data2/videos/depth/depth0/Y2metaapp__OPTICAL_ILLUSION_3D_WALL_DECORATION_EFFECT___3D_WALL_PAINTING___MURAL_DINDING_3D
/data2/videos/depth/depth0/Y2metaappAMAZING_3D_WALL_PAINTING_DESIGN_IDEAS__How_to_make_a_beautiful_stone__ART_
/data2/videos/depth/depth0/Y2metaapp3D_WALL_PAINTING_A_NEW_IDEA__INTERIOR_DESIGN
/data2/videos/depth/depth0/Y2metaappDark_colour_granite_type_of_wall_painting____Asian_paints_ideas___wall_putty
/data2/videos/depth/depth0/Y2metaappDIY_3D_plaster_art_plaster_painting_on_canvas_flower_plaster_art_flower_texture_oil_painting
/data2/videos/depth/depth0/Y2metaapp3D_wall_painting___3D_Wall_Design___Wall_Decoration_Ideas
/data2/videos/depth/depth0/Y2metaappGanesha_Clay_Painting_Part_1___Ganpati_Clay_Mural_Painting__How_to_make_3D_Ganesha_Clay_Wall_Hanging
/data2/videos/depth/depth0/Y2metaapp3d_flowers_wall_painting_design_painting_wallartdecor_homedecor_art_shortvideo_interiordesign
/data2/videos/depth/depth0/Y2metaappBedroom_wall_paint_design_ideas___3D_wall_painting___3D_wall_decorate___interior_design
/data2/videos/depth/depth0/Y2metaapp__Gold_Silver_and_Copper_Painting___3D_Texture_Design_Ideas___3D_Spray_texture
/data2/videos/depth/depth0/Y2metaapp7_Beautiful_3d_paintings_Clay_mural_art_and_craft_Clay_sculpting
/data2/videos/depth/depth0/Y2metaappASIAN_PAINT_ROYAL_PLAY_DESIGN____EXTERIOR_WALL_PAINTING_DESIGN___BRICK_WALL_PAINTING_DESIGN
/data2/videos/depth/depth0/Y2metaapphow_to_installation_3d_flooring___3d_flooring_design___3d_flooring_installation___latest_3d_flooring_(1)
/data2/videos/depth/depth0/Y2metaappwall_painting_rose__new_wall_painting_wall_design_oil_painting__easy
/data2/videos/depth/depth0/Y2metaappRose_design_3D_Wall_Art_Ideas_with_Spray___Painted_like_wallpaper
/data2/videos/depth/depth0/Y2metaapp3D_painting____3d_Wall_painting____best_hotel_wall_3d_painting____top_10_3d_wall_painting___
/data2/videos/depth/depth0/Y2metaappLatest_Modern_Wall_Texture_design___Wall_Texture_design_ideas
/data2/videos/depth/depth0/Y2metaappstencil_work_and__spray_work__makes_new_3d_wall_design
/data2/videos/depth/depth0/Y2metaappBEAUTIFUL_3D_WALL_STICKERS_HOME_DECOR
/data2/videos/depth/depth0/Y2metaappRoyale_Play__panting___bubbles__design__idea
/data2/videos/depth/depth0/Y2metaapp3D_Printing__Painting_THANOS_Miniature__Unbelievable_Details_Anycubic_kobra_2_pro
/data2/videos/depth/depth0/Y2metaapp3D_painting_on_road__Public_Prank
/data2/videos/depth/depth0/Y2metaappSnow_Mountain_Wall_Decor__3D_Nature_Lover_Gift__Rustic_Home_Decor_mountains_movie_fyp
/data2/videos/depth/depth0/Y2metaapp14_perfect_and_easy_wall_painting_desigs
/data2/videos/depth/depth0/Y2metaappDIY_Clay_mural___Diy_3D_Tribal_Clayart_Mural__DIY_Easy_Wall_Home_Decor_Idea___Clay_Mural_Art_ideas
/data2/videos/depth/depth0/Y2metaapp3d_5d_wallpaper_for_walls_trending_3d_wallpaper_3d_light_wallpaper_viral_trending_shorts_2023
/data2/videos/depth/depth0/Y2metaappRelief_paintings_of__Calla_Lily_Flower_wall_putty_craft_ideas__3D_painting_Flower_making_diy_ideas
/data2/videos/depth/depth0/Y2metaapp30_Creative_3D_Wall_Painting_Ideas_3D_Hand_Painting_for_Wall_Ideas_2017
/data2/videos/depth/depth0/Y2metaapp__3D_Painting___Realistic_Broken_Wall
/data2/videos/depth/depth0/Y2metaappGaneshmurtimakingganeshpaintingclayganeshclayart
/data2/videos/depth/depth0/Y2metaapp3d_crossing__Stripes_Wall_Painting_Secret_Technique___Danish_Paint__Tech
/data2/videos/depth/depth0/Y2metaapp3D_wall_painting_shorts___Taana_Baana__Pom_Pom_texture_gaffar_tech_viral_art
/data2/videos/depth/depth0/Y2metaappThe_AllNew_2022_UVT_Wall_Printer
/data2/videos/depth/depth0/Y2metaappmoon_Wall_design_making_your_own_moon_is_very_easy_in_cement_installation_idea_short_viralvideo
/data2/videos/depth/depth0/Y2metaappFunny_3D_Art_Work_Painting_On_The_Road_For_Prank_In_2023
/data2/videos/depth/depth0/Y2metaappMake_3d_plaster_painting_using_wall_putty_with_easy_trick
/data2/videos/depth/depth0/Y2metaappstriped_wall_paint_designs__livin_room_wall_paint__paint_design_ideas_2022
/data2/videos/depth/depth0/Y2metaappMarble_and_tiles_3D_border_designtiles_marble_shorts_trending_construction_rohan
/data2/videos/depth/depth0/Y2metaappshorts_3d_Wall_painting_design_trending
/data2/videos/depth/depth0/Y2metaapp3D_babules_wall_design___new_wall_design
/data2/videos/depth/depth0/Y2metaappoptical_illusion_3d_wall_painting___wall_art_painting_decoration___interior_design_(1)
/data2/videos/depth/depth0/Y2metaapp202223_flower_wall_paint__flower_design_for_wall__easy_wall_paint_designsdecorobsession
/data2/videos/depth/depth0/Y2metaappsuper_Beautiful_3D_wall_paintings___shorts_video_(1)
/data2/videos/depth/depth0/Y2metaapp3D_Wall_Paintings_for_modern_homes__New_3Dimensional_wall_painting_designs_and_ideas
/data2/videos/depth/depth0/Y2metaappPrint_and_Download_2D_and_3D_Floor_Plans
/data2/videos/depth/depth0/Y2metaapp__3D_ceiling_painting_ideas_for_moon_light_and_star_3D_paint_design_shorts
/data2/videos/depth/depth0/Y2metaapp3D_painting_cardboard_size_and_dimensions_for_wall_3D_painting
/data2/videos/depth/depth0/Y2metaappwall_design_striped_wall_masking_tape_painting_decoration_striped_shorts_sskpaintingwork
/data2/videos/depth/depth0/Y2metaapp__3d_wall_simple_art_paint_design___modern_3d_wall_painting_decoration___interior_design_ideas
/data2/videos/depth/depth0/Y2metaappPainting_the_cake_studio_shorts
/data2/videos/depth/depth0/Y2metaappDisaster_Pieces_94_pendulum_pendulumpainting_liquidsoap_art
/data2/videos/depth/depth0/Y2metaappModern_Latest_Mandola_Wall_Texture_design_making___Wall_Texture_painting_ideas
/data2/videos/depth/depth0/Y2metaappAsian_paintsdesignand3Dpaintingandwall_art_
/data2/videos/depth/depth0/Y2metaappWall_Stencil_painting_Shorts
/data2/videos/depth/depth0/Y2metaapp3D_Wall_Painting_Wall_Paint_Design_Idea_paint_design_bnani_ka_asan_design_asmat_Khan
/data2/videos/depth/depth0/Y2metaappClay_Mural_wall_art_fish___diy_3d_clay_mural_painting
/data2/videos/depth/depth0/Y2metaapp3D_wall_painting_for_bedroom____modern_3d_wall_painting___interior_design_ideas
/data2/videos/depth/depth0/Y2metaappLatest_painting_design____texture_wall____red_and_grey_colour_(1)
/data2/videos/depth/depth0/Y2metaapp3D_wall_painting_for_bedroom___modern_3D_wall_painting___3D_texture___interior_design
/data2/videos/depth/depth0/Y2metaappArt3d_3D_Wall_Panels
/data2/videos/depth/depth0/Y2metaappdapple_wall_texture_design___shorts_ytshorts_mmdshadab
/data2/videos/depth/depth0/Y2metaappArt3d_3D_Wall_Panels_Upgrade_your_Wall_to_Life___Great_Modem_3D_Wall_Decor
/data2/videos/depth/depth0/Y2metaappWaterproof_Colorful_Decorative_Plastic_Wall_Panel_3D_Wall_Panel_wall_decoration_adhesive_3D_interior
/data2/videos/depth/depth0/Y2metaappHow_To_Paint_Ecoste_3D_Wall_Panels___Know_Which_Paint_Is_Suitable_For_PVC_Wall_Panels_Or_WPC_
/data2/videos/depth/depth0/Y2metaappMy_firsttime_wall_art___Simple_wall_painting_for_living_room___Lord_Krishna_wall_painting___shorts
/data2/videos/depth/depth0/Y2metaapp3D_White_Flowers_Canvas_Art_White_Flowers_Texture_Painting_Texture_Wall_Art
/data2/videos/depth/depth0/Y2metaappSTAIRS_WALL_PAINT____DOOR_3D_WALL_PAINTING____EFFECT_TANGGA_3D
/data2/videos/depth/depth0/Y2metaappdiy_warli_girl_painting_beautiful_wall_art__short_video
/data2/videos/depth/depth0/Y2metaapp3D_Gaming_Room_makeover___3D_wall_paints_Diy_ideas
/data2/videos/depth/depth0/Y2metaapp3d_painting_design_youtubeshorts_3d_wallart_paintingshorts_viralvideo
/data2/videos/depth/depth0/Y2metaapp3D_Design_tutorial_painting_for_beginners__optical_illusion_3D_wall_painting
/data2/videos/depth/depth0/Y2metaappGeometric_Wall_Art_Painting_2024___Wall_Painting_Design_Ideas___3d_Wall_Painting_Designs_Ideas
/data2/videos/depth/depth0/Y2metaappGeometric_wall_design_3D_wall_painting_design_ideas_modern_geometric_acct_wall_paintLyphomedecor
/data2/videos/depth/depth0/Y2metaappBubbles_3D_design___3d_bubbles_effect_wall_design_tutorial
/data2/videos/depth/depth0/Y2metaappNature_Scenery_wall_mural_painting____3D_wall_painting_designs____wall_painting_color_ideas_art
/data2/videos/depth/depth0/Y2metaapphow_to_make__wall_mural_plaster_of_Paris___big_rose_wall_3D_mural
/data2/videos/depth/depth0/Y2metaappmagic_wall_painting_fancy_tree
