/data2/videos/depth/depth1/Y2metaappArt_Activity_for_Kids__Optical_Illusion_(Thaumatrope)_by_ABCmousecom
/data2/videos/depth/depth1/Y2metaapp3D_Tetris_optical_illusion_shorts_posca_3d
/data2/videos/depth/depth1/Y2metaappGENIUS_optical_illusion_by_Dal
/data2/videos/depth/depth1/Y2metaappBest_illusion_art__ever_(popartpov)
/data2/videos/depth/depth1/Y2metaapp3d_drawing_visual_illusion
/data2/videos/depth/depth1/Y2metaapp6_Easy_3D_Drawing_Tutorial_(Part_4)__Easy_3D_illusion_Drawing_tutorials_
/data2/videos/depth/depth1/Y2metaappart_illusion_drawing_illution_artist_painting_artwork_music_news_games1
/data2/videos/depth/depth1/Y2metaappHow_to_Draw_a_Moving_Optical_Illusion
/data2/videos/depth/depth1/Y2metaappUNREAL_Optical_Illusion_Gadgets
/data2/videos/depth/depth1/Y2metaapp3D_Design__how_to_draw_optical_illusion_stairs
/data2/videos/depth/depth1/Y2metaappHand_Art_Illusion___3D_Earthworm
/data2/videos/depth/depth1/Y2metaappillusion_drawing_(4)
/data2/videos/depth/depth1/Y2metaappeasy_magic_trick__art_illusion_simplemagictricks_puzzle_magic_shorts_subscribe
/data2/videos/depth/depth1/Y2metaappEasy_3D_illusion_optical_illusion_drawing_3D_art_drawing_art_illusion_optical_shorts
/data2/videos/depth/depth1/Y2metaappHow_to_Draw_an_A_Hole__3D_Trick_Art_Optical_Illusion
/data2/videos/depth/depth1/Y2metaappVery_Easy_Optical_Illusion_3D_Drawing__EP01___Art_And_Craftoholic_Mim
/data2/videos/depth/depth1/Y2metaappHow____shorts_drawing_art_artist_creative_draw_how_challenge_shorts_magic_satisfying
/data2/videos/depth/depth1/Y2metaappTen_Easy_3D_Painting_Illusions_Test_Your_Brain
/data2/videos/depth/depth1/Y2metaapp6_Optical_Illusion_Drawing_Techniques__Patterns
/data2/videos/depth/depth1/easyandunique3dillusiondrawingvoicebymrroshan3dartshortsillusionviral1080ytshortssavetubeme_(1)1
/data2/videos/depth/depth1/Y2metaappMandala_Art_youtubeshorts_shorts_short_shortsvideo_satisfying_viralvideo
/data2/videos/depth/depth1/Y2metaappHow_to_Draw_Parallel_Lines_Cafe_Wall_Optical_Illusion
/data2/videos/depth/depth1/Y2metaappHow_to_Draw_a_3D_Holes__Simple_Optical_Illusion
/data2/videos/depth/depth1/Y2metaappDrawing_a_3D_Apple__Trick_Art_Optical_Illusion
/data2/videos/depth/depth1/Y2metaappshorts_Easy_drawing_3d_optical_illusion_3dart_drawing_3dillusionoptical_(1)
/data2/videos/depth/depth1/Y2metaappHow_to_Make_Shadow_Portrait_Art__Cool_Optical_Illusion
/data2/videos/depth/depth1/Y2metaappHow_to_Draw_a_3D_Hole__Optical_Illusion
/data2/videos/depth/depth1/Y2metaappTree_Illusion_ART_by_Sri_Lankan_Female_Artist_Shashintha_Dilhani_treeillusion_art
/data2/videos/depth/depth1/Y2metaapp__Easy_3D_Tree_Painting_Illusion__Trick_Art1
/data2/videos/depth/depth1/Y2metaappThese_Artists_Are_The_Masters_Of_Illusion___Amazing_Art_Illusions_13
/data2/videos/depth/depth1/Y2metaappBest_of_3D_Street_Art_Illusion
/data2/videos/depth/depth1/Y2metaapp11_Optical_Illusions_That_Will_Trick_Your_Eyes
/data2/videos/depth/depth1/Y2metaapp__Creating_Dark_Fantasy_Environment_Art_(Speed_Painting)1
/data2/videos/depth/depth1/Y2metaappHow_to_draw_3D_illution_3d_art_shorts_3dvideo_viral
/data2/videos/depth/depth1/Y2metaapp__Easy_3D_Tree_Illusion_Painting1
/data2/videos/depth/depth1/Y2metaappillusion_drawing_(8)
/data2/videos/depth/depth1/Y2metaappHow_to_Draw_3D_Lego_Man__Trick_Art_Optical_Illusion
/data2/videos/depth/depth1/Y2metaappSo_easy_3D_artart_drawing_3d_3dart_3ddrawing_illusion_sketch_creative_design_draw_artist
/data2/videos/depth/depth1/Y2metaappshorts_Easy_drawing_3d_optical_illusion_3dart_drawing_3dillusionoptical
/data2/videos/depth/depth1/Y2metaapp__Amazing_3D_Ghost_Trick_Art_Optical_Illusion_shorts1
/data2/videos/depth/depth1/Y2metaappoptical_illusion_3d_wall_painting___wall_art_painting_techniques_ideas___interior_design
/data2/videos/depth/depth1/Y2metaappCone_Shaped_Optical_Illusion
/data2/videos/depth/depth1/Y2metaappAmazing_3D_Spider_Optical_Illusion___Trick_Art_shorts
/data2/videos/depth/depth1/Y2metaappWatch_Me_Paint___Advanced_Watercolour_Demonstration_of_a_Dreamy_Landscape
/data2/videos/depth/depth1/Y2metaappDaily_Line_Illusion_94___Awesome_3D_Spiral_Drawing___Art_Therapy
/data2/videos/depth/depth1/Y2metaappIncredible_Art_Tips__From_Bob_Ross__Friends_
/data2/videos/depth/depth1/Y2metaappMagical_rectangle_shape_3D_illusion_drawing__easy_drawing_tricks___3D_illusion_art_in_4K
/data2/videos/depth/depth1/Y2metaappBest_Optical_Illusion__LION
/data2/videos/depth/depth1/Y2metaappArtist_Being_Cursed_Optical_Illusion_(evanmrosenberg)
/data2/videos/depth/depth1/Y2metaapp5_Cool_Body_Art_Illusions
/data2/videos/depth/depth1/Y2metaappNew_colour_optical_illusions_are_fun_They_always_trick_our_mind__Watch_Now
/data2/videos/depth/depth1/Y2metaappBest_of_3D_street_Art_painting_Amazing_3D_street_Art_Illusions_3D_printing_on_Roads_respect_shorts
/data2/videos/depth/depth1/Y2metaapp3D_Apple_Drawing__Optical_illusion_Tricks_Art
/data2/videos/depth/depth1/Y2metaappCan_you_spot_it_____Optical_illusion_drawing
/data2/videos/depth/depth1/Y2metaappHow_to_draw_Geometric_Optical_Illusion_Art_3D_Trick_Art_on_Paper_turtorial_shorts_Drawing__
/data2/videos/depth/depth1/Y2metaapp3D_illusion_Drawing_How_Is_It_shorts_shortsfeed_drawing_art_youtubeshorts_ytshorts_3d_yt
/data2/videos/depth/depth1/Y2metaappHow_To_Draw_Like_a_3D_Geometric_Square_Optical_Illusion__Funny_3D_Trick_Art_on_paper_tutorial
/data2/videos/depth/depth1/Y2metaapp__BEAUTIFUL_PAINTING__illusion_opticalillusio_facts_art_painting_shortsfeed_opticalart(360p)1
/data2/videos/depth/depth1/Y2metaappASMR__Innovative_Scratch_Spirograph_Art__Crafting_Stunning_Geometric_Patterns
/data2/videos/depth/depth1/Y2metaappAwesome_3D_Shading___Abstract_Line_Illusion___Daily_Art_Therapy___Day_081
/data2/videos/depth/depth1/Y2metaappHow_to_draw_3D_Art_illusion_on_Paper___3d_illusion__Art_challenge__3D_Trick_Art_on_paper_tutorial
/data2/videos/depth/depth1/Y2metaappFOCUS_on_the_red_eyeillusiontrippytrythismagic
/data2/videos/depth/depth1/Y2metaapp__3D_Chalk_Sidewalk_Illusion(360p)1
/data2/videos/depth/depth1/Y2metaappHow_to_Draw_a_3D_Letter__R__Optical_Illusion___StepbyStep_3D_Art_Tutorial
/data2/videos/depth/depth1/Y2metaapp3D_drawing_on_paper_for_beginners___How_to_draw_3d___Optical_illusion_3d_art_on_paper
/data2/videos/depth/depth1/Y2metaappTrick_Art_on_Hand___Cool_3D_Triangle_Hole_Optical_Illusion
/data2/videos/depth/depth1/Y2metaappNextlevel_Chinese_artist_creates_cool_3D_charcoal_optical_illusions
/data2/videos/depth/depth1/Y2metaappHow_This_Chalk_Artist_Creates_Illusions_on_Pavement___Obsessed___WIRED
/data2/videos/depth/depth1/Y2metaappamazing_optical_illusion_stylishart_shorts
/data2/videos/depth/depth1/Y2metaappEvery_Optical_Illusion_in_8_Minutes
/data2/videos/depth/depth1/Y2metaappOptical_illusion___free_hand_diamonds_opticalillusion_art_shorts_ad
/data2/videos/depth/depth1/Y2metaapp10_Cool_illusions__Hand_Art_Makeup_Compilation
/data2/videos/depth/depth1/Y2metaappDrawing_the_US_Capitol_Building__Optical_Illusion_Trick_Art
/data2/videos/depth/depth1/3dillusionandblackandwhitewithemptypen720ytshortssavetubeme1
/data2/videos/depth/depth1/visualillusion123or4commentyourfavshotwnikoneuropenikonz9photography1080ytshortssavetubeme1
/data2/videos/depth/depth1/Y2metaappHow_to_Draw_3D_Triangle_Square_Rings_Geometric_Art___Beautiful_Optical_Illusion_for_Beginner_3dart
/data2/videos/depth/depth1/Y2metaappAmazing_3D_lusion_Art_on_Road_shortsfacts_3dart_3ddrawing_3dpaintingillusion_artpainting
/data2/videos/depth/depth1/Y2metaappThese_Artists_Are_The_Masters_Of_Illusion___Amazing_Art_Illusions_9
/data2/videos/depth/depth1/Y2metaappHow_to_Draw_a_Magic_Letter_A_3D_Trick_Art___Optical_Illusion
/data2/videos/depth/depth1/Y2metaapp__Optical_Illusion___How_to_make_optical_illusion___Humming_Bird_Illusion___DIY_Simple_Illusion1
/data2/videos/depth/depth1/Y2metaappArt_Quiz_17___3_Works_of_Art
/data2/videos/depth/depth1/Y2metaappDrawing_a_Goldfish_Bowl__Optical_Illusion_Trick_Art
/data2/videos/depth/depth1/Y2metaappEasy_3D_Hand_in_Tree_Illusion_Art
/data2/videos/depth/depth1/Y2metaapp__French_street_artist_JR_creates_Eiffel_Tower_optical_illusion___AFP_(2)1
/data2/videos/depth/depth1/Y2metaappPainting_My_Hand_into_a_Snake__Awesome_Optical_Illusion
/data2/videos/depth/depth1/Y2metaappFunny_3D_Art_Work_Painting_On_The_Road_For_Prank_In_2023
/data2/videos/depth/depth1/Y2metaappDrawing_a_Hole__Anamorphic_Illusion
/data2/videos/depth/depth1/Y2metaappILLUSION_ART__drawing
/data2/videos/depth/depth1/Y2metaappdrawing_art_funny_draw_challenge_illusion_artclothing_ytshorts_puzzle_howtodrawloveheart1
/data2/videos/depth/depth1/Y2metaappDrawing_a_3D_Geometric_Optical_Illusion_on_Graph_paper__Easy_Step_by_Step_How_to_Instructions
/data2/videos/depth/depth1/Y2metaappHow_to_Draw_3D_Perfect_Square_Geometric_Op_Art___Basic_Optical_Illusion_for_Beginners_trickart_3d
/data2/videos/depth/depth1/Y2metaappQuick_and_Easy_shorts
/data2/videos/depth/depth1/Y2metaappArt_illusion_shorts_youtubeshorts_3millionviews
/data2/videos/depth/depth1/Y2metaappoptical_illusion_3d_wall_painting___wall_art_painting_decoration___interior_design_(1)
/data2/videos/depth/depth1/Y2metaappLets_Make_an_Optical_Illusion_Heart
/data2/videos/depth/depth1/Y2metaappEasy_Drawing_Square_Geometric_Optical_illusion_3D_How_to_Draw_shorts
/data2/videos/depth/depth1/Y2metaappoptical_illusion_3d_wall_painting___wall_art_decoration_ideas___interior_wall_design
/data2/videos/depth/depth1/Y2metaapp__Hand_Art_Illusion___Face_Paint(360p)1
/data2/videos/depth/depth1/Y2metaappDaily_Line_illusion_3D_Abstract_pattern__Spiral_Drawing__Relaxing_and_Satisfying
/data2/videos/depth/depth1/Y2metaappAmazing_optical_illusion_
/data2/videos/depth/depth1/Y2metaappStepbyStep_3D_easy_Optical_Illusion_drawing_Like_a_Pro__easy_educational_shorts
/data2/videos/depth/depth1/Y2metaapp3d_colour_visual_illusion_shorts
/data2/videos/depth/depth1/Y2metaappKing_Of_Illusion_
/data2/videos/depth/depth1/Y2metaappHow_To_Easy_3d_Drawing_illusion_Optical_3d_drawing_easy_3dart_opticalillusionsdrawing
/data2/videos/depth/depth1/Y2metaappHow_To_Draw_An_Optical_Illusion__Impossible_Columns
/data2/videos/depth/depth1/Y2metaappTrash_Art_Illusion____________________________Tom_Deininger_TT
/data2/videos/depth/depth1/Y2metaappAmazing_3D_Ghost_Trick_Art_Optical_Illusion_shorts
/data2/videos/depth/depth1/Y2metaapp18_Artists_Who_Use_Illusions_To_Trick_Your_Eye
/data2/videos/depth/depth1/Y2metaapp3D_Rose_Painting_in_Watercolor_Optical_Illusion
/data2/videos/depth/depth1/Y2metaappPainting_an_OPTICAL_ILLUSION
/data2/videos/depth/depth1/Y2metaappFreehand_Geometric_illusion_drawing__satisfying_cool_line_drawing__3D_illusion_art__geometric_shape
/data2/videos/depth/depth1/Y2metaappEasy_3D_Tiger_in_Tree_Illusion_Art
/data2/videos/depth/depth1/Y2metaappillusion_drawing_(7)
/data2/videos/depth/depth1/Y2metaappAmazing_and_beautiful_patterns_art___easy_illusion___drawing
/data2/videos/depth/depth1/Y2metaappDrawing_Snake_Under_My_Paper__3D_Trick_Art_Optical_Illusion
/data2/videos/depth/depth1/Y2metaapp3dillusiondrawing_art_illusion_youtubeshorts_facts_shorts1
/data2/videos/depth/depth1/Y2metaappHow_To_Draw_A_Penrose_Triangle__Optical_Illusion
/data2/videos/depth/depth1/Y2metaappArt_and_Illusion
/data2/videos/depth/depth1/Y2metaappHow_this_illusion_was_possible_Ans_in_comment_shorts_art_illusions_iq_viralvideo
/data2/videos/depth/depth1/Y2metaapp__ILLUSION_ART__drawing1
/data2/videos/depth/depth1/Y2metaappVery_Easy_How_To_Draw_3D_Hole__Stairs__Anamorphic_Illusion__3D_Trick_Art_on_paper
/data2/videos/depth/depth1/Y2metaappEasy_3D_Tree_Illusion_Painting
/data2/videos/depth/depth1/Y2metaappits_not_the_right_keyillusionart_illusion
/data2/videos/depth/depth1/Y2metaappThis_Will_Increase_Your_Mind_Power_Crazy_Optical_illusion_100_Working_HowToSuraj_Shorts
/data2/videos/depth/depth1/Y2metaappHow_to_Draw_3D_Art_Illusion_Easy_Pencil_3D_Art_Tutorial_Step_by_Step_3DRAWING
/data2/videos/depth/depth1/Y2metaapp3D_Design_tutorial_painting_for_beginners__optical_illusion_3D_wall_painting
/data2/videos/depth/depth1/Y2metaapp3D_Spiral_Hole_on_Hand_Painting__Trick_Art_Optical_Illusion
/data2/videos/depth/depth1/Y2metaappOptical_Illusion_Makeup_Art_by_Dain_Yoon
/data2/videos/depth/depth1/Y2metaappEasy_and_unique_3d_illusion_Drawing____voice_by_Mrroshan3dart_shorts_illusion_viral
/data2/videos/depth/depth1/Y2metaappDrawing_3D_optical_Illusions_on_Paper__Letter_F_(2022)_shorts_art_3d
/data2/videos/depth/depth1/Y2metaappSDMA_Art_Tutorial___Optical_Art_Illusions
/data2/videos/depth/depth1/Y2metaappWALL_PAINT_3D_OPTICAL_ILLUSION_ART___MURAL_DINDING_3D___GREAT_FOR_INTERIOR_DESIGN
/data2/videos/depth/depth1/Y2metaapp__BEAUTIFUL_PAINTING__facts_opticalart_art_illusion_opticalillusio_shortsfeed_painting_funny(360p)1
/data2/videos/depth/depth1/Y2metaappIllusion_Painting_Compilation___Looks_Pretty_Good_
/data2/videos/depth/depth1/Y2metaappWALL_PAINT_OPTICAL_ILLUSION_3D___GREAT_FOR_INTERIOR_DESIGN_GOOD___ART_PAINTING_DECORATION
/data2/videos/depth/depth1/Y2metaapp12_EASY_Optical_illusion_drawings_patterns_tricks_abstract_drawings___Part1
/data2/videos/depth/depth1/Y2metaappWatch_this_Narwhal_Come_to_Life_Cool_2D_to_3D_Optical_Illusion_shorts
/data2/videos/depth/depth1/Y2metaappEasy_and_unique_3d_illusion_drawing__3dillusiondrawing_art_drawing_viral_trending_shorts
/data2/videos/depth/depth1/Y2metaapp10_Insane_Hand_Art_Illusion_Tricks
/data2/videos/depth/depth1/Y2metaappFloating_Cube_illusion_Drawing___Anamorphic_illusion
/data2/videos/depth/depth1/Y2metaappThese_Artists_Are_The_Masters_Of_Illusion___Amazing_Art_Illusions_14
/data2/videos/depth/depth1/Y2metaappDisconnected_Hand__Illusion_Trick_Art
/data2/videos/depth/depth1/Y2metaappshortsHow_To_Easy_drawing_3d_optical_illusion_3dart_drawing_3dillusionoptical
/data2/videos/depth/depth1/Y2metaapp3D_blocks_optical_illusion_drawing_on_graph_paper_3ddrawing_illusion_stressreliefMyboringtimes
/data2/videos/depth/depth1/Y2metaappEasy_ILLUSION_art_Drawing__Final_look___dont_miss_it__Easy_Geometry_pattern_viral_shorts
/data2/videos/depth/depth1/Y2metaappAnamorphic_illusion_tutorial__How_to_make_3D_trick_art
/data2/videos/depth/depth1/Y2metaappHow_to_Draw_a_3D_Tunnel__Easy_Trick_Art_Optical_Illusion_Drawing
/data2/videos/depth/depth1/Y2metaappDay_05___25_of_optical_illusion_art__3dopticalillusionbyfatima
/data2/videos/depth/depth1/Y2metaappOPTICAL_ILLUSION_3D_WALL_DECORATION_EFFECT___3D_WALL_PAINTING___MURAL_DINDING_3D
/data2/videos/depth/depth1/Y2metaappHow_to_Draw_a_Optical_Illusion_Art__Illusion_Art__Geometric_Art__Step_by_Step_Illusion_Pattern_
/data2/videos/depth/depth1/Y2metaappEndless_Optical_Illusion__Drawing_OpArt_Spiral__Black_and_White
/data2/videos/depth/depth1/Y2metaappOptical_illusion_where_will_the_ball_roll_)_How_to_draw_in_3D
/data2/videos/depth/depth1/Y2metaappArt_Classic_Incredible__Van_Gogh_Starry_Night_Optical_Illusion__Watch_It_Come_Alive1
/data2/videos/depth/depth1/Y2metaappDrawing_of_an_anamorphic_optical_illusion__3D_painting
/data2/videos/depth/depth1/Y2metaappStepbyStep__Easy_Draw_Stunning_Optical_Illusions_Like_a_Pro__shorts_educational
/data2/videos/depth/depth1/Y2metaappA_painting_was_missing_for_over_80_years_then_it_was_discovered_in_plain_sight_art
/data2/videos/depth/depth1/Y2metaappHow_To_Draw_3D_ART_illusion_On_Paper
/data2/videos/depth/depth1/Y2metaappAmazing_Body_Art_Illusion___Zipper_Stomach_Makeup
/data2/videos/depth/depth1/Y2metaappillusion_drawing_(15)
/data2/videos/depth/depth1/Y2metaappMinecraft_But_Any_ILLUSION_I_Draw_Becomes_REAL
/data2/videos/depth/depth1/Y2metaappletter_3D_S
/data2/videos/depth/depth1/Y2metaappBest_of_3D_Street_Art_Painting__Amazing_3d_Street_Art_Illusion__3D_Paintings_on_Roads__shorts_art
/data2/videos/depth/depth1/Y2metaapp__How_to_Draw_Optical_illusion_Art__Illusion_Art__Geometric_Art__Easy_Illusion_Pattern__3d_Drawing_1
/data2/videos/depth/depth1/Y2metaappoptical_illusion_3d_wall_painting___interior_design_ideas
/data2/videos/depth/depth1/Y2metaappIllusion_of_Space_in_Artworks
/data2/videos/depth/depth1/Y2metaappIllusion_Art_Museum_Prague
/data2/videos/depth/depth1/Y2metaapp3D_Steps_Optical_Illusion
/data2/videos/depth/depth1/Y2metaappillusion_drawing_(12)
/data2/videos/depth/depth1/Y2metaappOptical_Illusion_Shadow_Art___Vincent_Bal
/data2/videos/depth/depth1/Y2metaapp3d_wall_painting___optical_illusion_3d_wall_design___3d_wall_decoration_effect
/data2/videos/depth/depth1/Y2metaappAmazing_3D_Illusion_Art_on_Road____ytshorts_3dart_3dpainting_illusionart_opticalillusion___
/data2/videos/depth/depth1/Y2metaappIllusion_art_on_road_3d_drawing_painting_art_funnyvideos_3ddrawing_artist_graffiti___
/data2/videos/depth/depth1/Y2metaappOptical_illusion_Drawing_in_Ms_Paint___How_to_draw_Optical_Illusion_step_by_step_in_computer
/data2/videos/depth/depth1/Y2metaappInsider_Look_at__Midjourneys_Top_20_Images_36_by_Artistic_Algorithms
/data2/videos/depth/depth1/Y2metaapp3D_Optical_Illusion_Nail_Art
/data2/videos/depth/depth1/Y2metaappHow_to_Draw_an_Optical_Illusion_for_Beginner
/data2/videos/depth/depth1/easyandunique3dillusiondrawingvoicebymrroshan3dartshortsillusionviral1080ytshortssavetubeme1
/data2/videos/depth/depth1/Y2metaapp20_Optical_Illusions_That_Confuse_the_Smartest_People
/data2/videos/depth/depth1/Y2metaappArt_That_Plays_with_Reality___Rob_Gonsalves_art_illusion_artist_artwork
/data2/videos/depth/depth1/Y2metaapp_Optical_illusion_ombr_French_tip___Nail_art_design___How_to_do_new_nails_trend___Double_ombre
/data2/videos/depth/depth1/Y2metaappThese_Artists_Are_The_Masters_Of_Illusion___Amazing_Art_Illusions__15
/data2/videos/depth/depth1/Y2metaappHow_to_draw_3D_tunnel__optical_illusion___Easy_trick_art___3D_art
/data2/videos/depth/depth1/Y2metaappSome_easy_optical_illusion__abstract_zentangle_Patterns_in_a_more_creative_way_Part9
/data2/videos/depth/depth1/Y2metaappCrazy_optical_illusion_drawing_shorts_3d_illusion_art_drawing
/data2/videos/depth/depth1/Y2metaappeasy_3D_optical_illusion_drawing_pencil_drawing_3d_Art_youtube_shorts_viral_video_growth_viral
/data2/videos/depth/depth1/Y2metaappEasy_3D_Optical_Illusion_for_Beginners___Line_Art_Pattern
/data2/videos/depth/depth1/Y2metaappVisual_Illusion_Picture_in_Picture___shorts___Fun_Fluid_Art
/data2/videos/depth/depth1/Y2metaappDIY_Illusion_Anamorphic_Art_Made_From_Aluminium_Sheet
/data2/videos/depth/depth1/Y2metaappThese_Reverspective_paintings_are_mindboggling
/data2/videos/depth/depth1/Y2metaappWonders_of_the_World___Optical_Illusion_Painting___Sri_Maanya_Official
/data2/videos/depth/depth1/Y2metaappStare_at_the_dot
/data2/videos/depth/depth1/Y2metaappillusion_drawing_(11)
/data2/videos/depth/depth1/Y2metaapp3D_printed_illusion__Breaks_the_laws_of_physics_
/data2/videos/depth/depth1/Y2metaappeasy_illusion_painting_ideas_acrylicpainting_painting_shorts_shortsfeed
/data2/videos/depth/depth1/Y2metaappThe_Illusion_of_Color__A_Reality_Unveiled
/data2/videos/depth/depth1/Y2metaappStep_Inside_This_Mindbending_Studio_Where_Every_Painting_Is_a_Mesmerizing_Optical_Illusion
/data2/videos/depth/depth1/Y2metaappOp_Art_3D_Drawing___Optical_Illusion_with_Shading__Blending
/data2/videos/depth/depth1/Y2metaapp__This_is_Crazy_Fun_to_Do_Black__White_OpArt_Illusion1
/data2/videos/depth/depth1/Y2metaappHow_to_Draw_The_Penrose_Staircase__Endless_Optical_illusion
/data2/videos/depth/depth1/3dillusiondrawing3dillusionytshortsviraldrawing720ytshortssavetubeme1
/data2/videos/depth/depth1/Y2metaappillusion_in_ms_paint_paint_mspaint_drawing_viral_illusion_shoerts_draw
/data2/videos/depth/depth1/Y2metaappAnamorphic_Art_3D_illusion_drawing_on_paper_shorts_videoviral_3dart_visualtechniques
/data2/videos/depth/depth1/Y2metaapp10_Optical_Illusion_Drawings_to_Test_Your_Brain
/data2/videos/depth/depth1/Y2metaappOp_Art_Illusion_Series__Bulging_Circles
/data2/videos/depth/depth1/Y2metaapp3D_optical_illusion_wall_paint_design
/data2/videos/depth/depth1/Y2metaappIllusion_Sculptures_Only_Appear_If_You_Stand_In_The_Right_Spot___Master_Craft___Insider_Art
/data2/videos/depth/depth1/Y2metaappArt_Illusion_and_Origami___Benjamin_Parker___TEDxManchesterHighSchool
/data2/videos/depth/depth1/Y2metaapp3D_OPTICAL_ILLUSION_3_DIMENSI_WALL_PAINTING____GAMBAR_EFFECT_3D
/data2/videos/depth/depth1/Y2metaappEasy_3D_Tree_Illusion_Art
/data2/videos/depth/depth1/10mostunbelievablebodyartillusions1080ytshortssavetubeme1
/data2/videos/depth/depth1/Y2metaappWall_Art_Painting_Tutorial__3D_Design_Tutorial_Painting_For_Beginners_optical_illusion
/data2/videos/depth/depth1/Y2metaappHow_to_Draw_a_3D_Horse__Trick_Art_Optical_Illusion
/data2/videos/depth/depth1/Y2metaapp3Dart_3ddrawing_3dart_illusion_creativeviralvideo_shortsviral_3ddrawing_sketchshadingart
/data2/videos/depth/depth1/Y2metaappOptical_illusion_design_3D_wall_painting____Wall_painting_art____3d_wall_art_decoration
/data2/videos/depth/depth1/Y2metaapp__Black_and_White_Optical_Illusion_Twisted_Stripes_Abstract_Pattern_Art_4K_VJ_Loop_Moving_Background1
/data2/videos/depth/depth1/Y2metaappsee_The_Starry_Night_come_to_life_and_unravel
/data2/videos/depth/depth1/Y2metaapp_zentangle_Inspired_3d_Illusion_Art__2d_To_3d_Patterns_
/data2/videos/depth/depth1/Y2metaapp_shiv__illusion___optical_illusion_in_hindi_shorts
/data2/videos/depth/depth1/Y2metaapp3D_ROOM_Cool_Optical_Illusion__Speed_Drawing_(_How_To_Draw_)_Line_Art
/data2/videos/depth/depth1/Y2metaappStairs_Illusion_art_illusion_drawing_viral
/data2/videos/depth/depth1/Y2metaappAmazing_3D_Cylinder_Drawing__Stunning_Optical_Illusion_Art
/data2/videos/depth/depth1/Y2metaappDrawing_a_3D_Anamorphic_Cube__Easy_Trick_Art_Optical_Illusion
/data2/videos/depth/depth1/illusionartshortsashortadayart1080ytshortssavetubeme1
/data2/videos/depth/depth1/Y2metaappshorts_Easy_3d_Drawing_illusion_Optical_3dart_opticalillusionsdrawing
/data2/videos/depth/depth1/Y2metaappOp_Art_or_Optical_Art_Movement__DIY_optical_illusion_art
/data2/videos/depth/depth1/Y2metaappHow_to_draw_an_Optical_Illusion_Step_by_Step___Curious_drawings
/data2/videos/depth/depth1/Y2metaappThis_Painting_Tricked_Everyone_With_an_Impossible_Illusion
/data2/videos/depth/depth1/Y2metaappChinese_artist_turns_utility_pole_transparent_with_clever_optical_illusion_painting
/data2/videos/depth/depth1/hammeringnailsintomyhandtrickartopticalillusion720ytshortssavetubeme1
/data2/videos/depth/depth1/Y2metaappPhenomenal_Artistic_3D_Pattern___Relaxing_Spiral_Art_Drawing___Optical_Line_Illusion_11
/data2/videos/depth/depth1/Y2metaappBrush_pen_painting__illusion_3Dart_art_artwork_drawing
/data2/videos/depth/depth1/Y2metaappop_art
/data2/videos/depth/depth1/Y2metaappDrawing_3D_Amino_Letters__How_to_Draw_3D_Letters__Trick_Art_Illusion
/data2/videos/depth/depth1/Y2metaappHow_to_Draw_a_Simple_Optical_Illusion__The_Impossible_Oval__Narrated
/data2/videos/depth/depth1/Y2metaappTrick_Art_on_Hand___Cool_3D_Cross_Hole_Optical_Illusion
/data2/videos/depth/depth1/Y2metaappWhat_a_artist___art_artist_artwork_short_youtube_trending
/data2/videos/depth/depth1/Y2metaappHand_Art_Illusion___3D_Butterfly
/data2/videos/depth/depth1/Y2metaappOptical_Illusion_Weavings
/data2/videos/depth/depth1/Y2metaapp3D_illusion_blur_art_diy_craft_creative_shortsviral
/data2/videos/depth/depth1/Y2metaappOPTICAL_ILLUSION_3D_WALL_PAINTING____EFEK_3D_DECORATION
/data2/videos/depth/depth1/Y2metaappVery_Easy_How_To_Draw_3D_Hole__Anamorphic_Illusion__3D_Trick_Art_on_Line_paper
/data2/videos/depth/depth1/Y2metaappPerspective_Optical_Illusion__Simple_Trick_Eye_Art
/data2/videos/depth/depth1/Y2metaappHow_to_Draw_a_3D_Ladder_in_Perspective__Optical_Illusion_Trick_Art
/data2/videos/depth/depth1/Y2metaappHow_to_Draw_a_3D_Chair_Optical_Illusion_shorts
/data2/videos/depth/depth1/Y2metaappINFINITY_MIRROR_ROOM___ART___ILLUSION___How_to_make
/data2/videos/depth/depth1/Y2metaappInk_and_watercolor_painting_of_ancient_mythological_allusions
/data2/videos/depth/depth1/Y2metaappHow_to_Draw_3D__optical_illusion_art_drawing_shorts_viral_drawing
/data2/videos/depth/depth1/Y2metaappPrints_of_My_Illusion_Painting_Are_Available
/data2/videos/depth/depth1/Y2metaappshorts_youtube_shors_Optical_illusion_artHow_to_Draw_a_Trick_art_Trick_Art_For_Kids
/data2/videos/depth/depth1/Y2metaappoptical_illusion_3d_wall_design___3d_wall_painting___3d_wall_decoration_effect___interior_design
/data2/videos/depth/depth1/Y2metaappDIY_3D_Ladder__How_To_Draw_Ladder_Optical_Illusion
/data2/videos/depth/depth1/Y2metaappillusion_drawing_(1)
/data2/videos/depth/depth1/Y2metaappHow_to_draw_3D_drawing____Fantastic_3D_Illusion____3D_Drawings_On_Paper___shorts
/data2/videos/depth/depth1/Y2metaappHow_To_Create_A_3d_Hole_Drawing_Optical_Illusion
