/data2/videos/depth/depth3/Y2metaappBall_in_chess_3D_Trick_Art_on_Paper_Long_Version
/data2/videos/depth/depth3/Y2metaappCreative_3D_Trick_Art_Demo___Steps_Optical_Illusion___Satisfying_Drawing
/data2/videos/depth/depth3/Y2metaapp__Stairs_and_Seated_Figure__Illusion__Drawing_3D_Trick_Art__VamosART
/data2/videos/depth/depth3/Y2metaapp3D_maths_trick
/data2/videos/depth/depth3/Y2metaappDrawing_a_Glass_of_Water__3D_Trick_Art_on_Line_Paper__VamosART
/data2/videos/depth/depth3/Y2metaappAmazing_drawing_of_3D_stair_and_floating_cubes_II_3D_trick_art_on_paper_II_by_Five_Minutes_Art
/data2/videos/depth/depth3/Y2metaappTrick_art_on_hand___3d_art_hole_in_hand_3dArt_TrickArt_magicart
/data2/videos/depth/depth3/Y2metaapp3D_Trick_Art_on_Paper___Ice_Cream___Optical_Illusion
/data2/videos/depth/depth3/Y2metaapp3D_Trick_Art_on_Paper_Floating_chess_Number_6
/data2/videos/depth/depth3/Y2metaapp3D_Trick_Art_On_Paper_Girl_with_balloon
/data2/videos/depth/depth3/Y2metaapp3D_Trick_Art_on_Paper_Chess_Pyramid
/data2/videos/depth/depth3/Y2metaappDraw_Word__LOVE___Hole_on_Line_Paper___3D_Trick_Art
/data2/videos/depth/depth3/Y2metaappEasy_3D_Trick_Art__Sphere_Illusion_Drawing_(1)
/data2/videos/depth/depth3/Y2metaapp3D_Trick_Art_On_Paper_Trailer_Sonhos_com_Dimenso
/data2/videos/depth/depth3/Y2metaappSimple_3d_drawing____ytshorts_yt_reels
/data2/videos/depth/depth3/Y2metaapp3D_Trick_Art_on_Paper_Realistic_Cube
/data2/videos/depth/depth3/Y2metaappDrawing_Squirtle__Pokemon_Go_3D_Trick_Art
/data2/videos/depth/depth3/Y2metaappeasy_3d_drawing_illusion_art_3d_trick_art__apple_logo_3d_drawing____shorts
/data2/videos/depth/depth3/Y2metaapp3D_Trick_Art_Drawing__Snake_3D_Trick_Art_Drawing__Anamorphic_Illusion_Drawing
/data2/videos/depth/depth3/Y2metaapp3d_trick_art_on_paper_art_shorts_viral_satisfying_3d_3ddrawing
/data2/videos/depth/depth3/Y2metaappHow_To_Draw_Letter_A___3D_TRICK_ART_on_Graph_Paper___Easy_For_Beginners
/data2/videos/depth/depth3/Y2metaappDrawing_a_shark__3D_Trick_Art_by_Stefan_Pabst
/data2/videos/depth/depth3/Y2metaappHow_to_Draw_a_Cylinder_Illusion__3D_Trick_Art_Drawing_Art_HowToDraw
/data2/videos/depth/depth3/Y2metaappMINDWAYS_3D_TrickArt
/data2/videos/depth/depth3/Y2metaappDrawing_a_T_Rex__Anamorphic_Optical_Illusion__3D_Trick_Art
/data2/videos/depth/depth3/Y2metaappVery_Easy__How_to_Draw_Floating_Letter__I___3D_Trick_Art_on_Paper
